<?xml version="1.0" encoding="UTF-8"?>
<!-- Generated by org.testng.reporters.JUnitXMLReporter -->
<testsuite hostname="NODTBSL452AG" name="PostProperty Test cases" tests="2" failures="0" timestamp="21 Apr 2015 07:07:21 GMT" time="87.451" errors="0">
  <testcase name="propertySRPContactCheck" time="0.61" classname="com.mb.wapsanity.testscripts.VerifyContacts"/>
  <testcase name="postProperty" time="70.151" classname="com.mb.wapsanity.testscripts.PostPropertyTest"/>
</testsuite> <!-- PostProperty Test cases -->
