<?xml version="1.0" encoding="UTF-8"?>
<testng-results skipped="0" failed="0" total="1" passed="1">
  <reporter-output>
    <line>
      <![CDATA[Property is Successfully posted]]>
    </line>
    <line>
      <![CDATA[Property Id of the posted property: 16886808]]>
    </line>
  </reporter-output>
  <suite name="MB WAP" duration-ms="83368" started-at="2015-06-23T11:45:31Z" finished-at="2015-06-23T11:46:55Z">
    <groups>
    </groups>
    <test name="Sanity Test cases" duration-ms="83368" started-at="2015-06-23T11:45:31Z" finished-at="2015-06-23T11:46:55Z">
      <class name="com.mb.wapsanity.testscripts.PostPropertyTest">
        <test-method status="PASS" signature="beforeSuite()[pri:0, instance:com.mb.wapsanity.testscripts.PostPropertyTest@76cbf7]" name="beforeSuite" is-config="true" duration-ms="15327" started-at="2015-06-23T17:15:31Z" finished-at="2015-06-23T17:15:47Z">
          <reporter-output>
          </reporter-output>
        </test-method> <!-- beforeSuite -->
        <test-method status="PASS" signature="postProperty()[pri:0, instance:com.mb.wapsanity.testscripts.PostPropertyTest@76cbf7]" name="postProperty" duration-ms="68027" started-at="2015-06-23T17:15:47Z" finished-at="2015-06-23T17:16:55Z">
          <reporter-output>
            <line>
              <![CDATA[Property is Successfully posted]]>
            </line>
            <line>
              <![CDATA[Property Id of the posted property: 16886808]]>
            </line>
          </reporter-output>
        </test-method> <!-- postProperty -->
      </class> <!-- com.mb.wapsanity.testscripts.PostPropertyTest -->
    </test> <!-- Sanity Test cases -->
  </suite> <!-- MB WAP -->
</testng-results>
